{"/Users/admin/Documents/vscode/typeScript/search_member/backend/src/entity/user/insert.user.dto.ts": {"path":"/Users/admin/Documents/vscode/typeScript/search_member/backend/src/entity/user/insert.user.dto.ts","statementMap":{"0":{"start":{"line":2,"column":0},"end":{"line":2,"column":null}},"1":{"start":{"line":10,"column":0},"end":{"line":10,"column":13}},"2":{"start":{"line":12,"column":2},"end":{"line":12,"column":null}},"3":{"start":{"line":17,"column":2},"end":{"line":17,"column":null}},"4":{"start":{"line":22,"column":2},"end":{"line":22,"column":null}},"5":{"start":{"line":29,"column":2},"end":{"line":29,"column":null}}},"fnMap":{},"branchMap":{},"s":{"0":3,"1":3,"2":3,"3":3,"4":3,"5":3},"f":{},"b":{}}
,"/Users/admin/Documents/vscode/typeScript/search_member/backend/src/entity/user/search.user.dto.ts": {"path":"/Users/admin/Documents/vscode/typeScript/search_member/backend/src/entity/user/search.user.dto.ts","statementMap":{"0":{"start":{"line":2,"column":0},"end":{"line":2,"column":null}},"1":{"start":{"line":9,"column":0},"end":{"line":9,"column":13}},"2":{"start":{"line":13,"column":2},"end":{"line":13,"column":null}},"3":{"start":{"line":10,"column":21},"end":{"line":10,"column":52}},"4":{"start":{"line":17,"column":2},"end":{"line":17,"column":null}},"5":{"start":{"line":15,"column":21},"end":{"line":15,"column":56}},"6":{"start":{"line":21,"column":2},"end":{"line":21,"column":null}},"7":{"start":{"line":19,"column":21},"end":{"line":19,"column":62}},"8":{"start":{"line":28,"column":2},"end":{"line":28,"column":null}},"9":{"start":{"line":23,"column":21},"end":{"line":23,"column":54}}},"fnMap":{"0":{"name":"(anonymous_2)","decl":{"start":{"line":10,"column":14},"end":{"line":10,"column":15}},"loc":{"start":{"line":10,"column":21},"end":{"line":10,"column":52}}},"1":{"name":"(anonymous_3)","decl":{"start":{"line":15,"column":14},"end":{"line":15,"column":15}},"loc":{"start":{"line":15,"column":21},"end":{"line":15,"column":56}}},"2":{"name":"(anonymous_4)","decl":{"start":{"line":19,"column":14},"end":{"line":19,"column":15}},"loc":{"start":{"line":19,"column":21},"end":{"line":19,"column":62}}},"3":{"name":"(anonymous_5)","decl":{"start":{"line":23,"column":14},"end":{"line":23,"column":15}},"loc":{"start":{"line":23,"column":21},"end":{"line":23,"column":54}}}},"branchMap":{"0":{"loc":{"start":{"line":10,"column":21},"end":{"line":10,"column":52}},"type":"binary-expr","locations":[{"start":{"line":10,"column":21},"end":{"line":10,"column":31}},{"start":{"line":10,"column":35},"end":{"line":10,"column":52}}]},"1":{"loc":{"start":{"line":15,"column":21},"end":{"line":15,"column":56}},"type":"binary-expr","locations":[{"start":{"line":15,"column":21},"end":{"line":15,"column":33}},{"start":{"line":15,"column":37},"end":{"line":15,"column":56}}]},"2":{"loc":{"start":{"line":19,"column":21},"end":{"line":19,"column":62}},"type":"binary-expr","locations":[{"start":{"line":19,"column":21},"end":{"line":19,"column":36}},{"start":{"line":19,"column":40},"end":{"line":19,"column":62}}]},"3":{"loc":{"start":{"line":23,"column":21},"end":{"line":23,"column":54}},"type":"binary-expr","locations":[{"start":{"line":23,"column":21},"end":{"line":23,"column":32}},{"start":{"line":23,"column":36},"end":{"line":23,"column":54}}]}},"s":{"0":2,"1":2,"2":2,"3":11,"4":2,"5":11,"6":2,"7":11,"8":2,"9":11},"f":{"0":11,"1":11,"2":11,"3":11},"b":{"0":[11,10],"1":[11,10],"2":[11,10],"3":[11,11]}}
,"/Users/admin/Documents/vscode/typeScript/search_member/backend/src/entity/user/sequence.entity.ts": {"path":"/Users/admin/Documents/vscode/typeScript/search_member/backend/src/entity/user/sequence.entity.ts","statementMap":{"0":{"start":{"line":1,"column":0},"end":{"line":1,"column":48}},"1":{"start":{"line":4,"column":7},"end":{"line":10,"column":null}},"2":{"start":{"line":6,"column":4},"end":{"line":6,"column":17}},"3":{"start":{"line":4,"column":13},"end":{"line":4,"column":21}},"4":{"start":{"line":9,"column":2},"end":{"line":9,"column":null}},"5":{"start":{"line":4,"column":13},"end":{"line":10,"column":null}}},"fnMap":{"0":{"name":"(anonymous_2)","decl":{"start":{"line":5,"column":2},"end":{"line":5,"column":14}},"loc":{"start":{"line":5,"column":24},"end":{"line":7,"column":3}}}},"branchMap":{},"s":{"0":4,"1":4,"2":8,"3":4,"4":4,"5":4},"f":{"0":8},"b":{}}
,"/Users/admin/Documents/vscode/typeScript/search_member/backend/src/entity/user/users.entity.ts": {"path":"/Users/admin/Documents/vscode/typeScript/search_member/backend/src/entity/user/users.entity.ts","statementMap":{"0":{"start":{"line":1,"column":0},"end":{"line":1,"column":56}},"1":{"start":{"line":5,"column":7},"end":{"line":17,"column":null}},"2":{"start":{"line":5,"column":13},"end":{"line":5,"column":18}},"3":{"start":{"line":7,"column":2},"end":{"line":7,"column":null}},"4":{"start":{"line":10,"column":2},"end":{"line":10,"column":null}},"5":{"start":{"line":13,"column":2},"end":{"line":13,"column":null}},"6":{"start":{"line":16,"column":2},"end":{"line":16,"column":null}},"7":{"start":{"line":5,"column":13},"end":{"line":17,"column":null}}},"fnMap":{},"branchMap":{},"s":{"0":6,"1":6,"2":6,"3":6,"4":6,"5":6,"6":6,"7":6},"f":{},"b":{}}
,"/Users/admin/Documents/vscode/typeScript/search_member/backend/src/insert-member/insert-member.controller.ts": {"path":"/Users/admin/Documents/vscode/typeScript/search_member/backend/src/insert-member/insert-member.controller.ts","statementMap":{"0":{"start":{"line":1,"column":0},"end":{"line":1,"column":56}},"1":{"start":{"line":2,"column":0},"end":{"line":2,"column":64}},"2":{"start":{"line":3,"column":0},"end":{"line":3,"column":62}},"3":{"start":{"line":7,"column":7},"end":{"line":14,"column":null}},"4":{"start":{"line":8,"column":31},"end":{"line":8,"column":40}},"5":{"start":{"line":12,"column":4},"end":{"line":12,"column":47}},"6":{"start":{"line":7,"column":13},"end":{"line":7,"column":35}},"7":{"start":{"line":11,"column":8},"end":{"line":13,"column":null}},"8":{"start":{"line":7,"column":13},"end":{"line":14,"column":null}}},"fnMap":{"0":{"name":"(anonymous_4)","decl":{"start":{"line":8,"column":2},"end":{"line":8,"column":31}},"loc":{"start":{"line":8,"column":59},"end":{"line":8,"column":63}}},"1":{"name":"(anonymous_5)","decl":{"start":{"line":11,"column":2},"end":{"line":11,"column":7}},"loc":{"start":{"line":11,"column":46},"end":{"line":13,"column":3}}}},"branchMap":{},"s":{"0":1,"1":1,"2":1,"3":1,"4":5,"5":6,"6":1,"7":1,"8":1},"f":{"0":5,"1":6},"b":{}}
,"/Users/admin/Documents/vscode/typeScript/search_member/backend/src/insert-member/insert-member.module.ts": {"path":"/Users/admin/Documents/vscode/typeScript/search_member/backend/src/insert-member/insert-member.module.ts","statementMap":{"0":{"start":{"line":1,"column":0},"end":{"line":1,"column":40}},"1":{"start":{"line":2,"column":0},"end":{"line":2,"column":68}},"2":{"start":{"line":3,"column":0},"end":{"line":3,"column":62}},"3":{"start":{"line":9,"column":7},"end":{"line":9,"column":null}},"4":{"start":{"line":9,"column":13},"end":{"line":9,"column":31}},"5":{"start":{"line":9,"column":13},"end":{"line":9,"column":null}}},"fnMap":{},"branchMap":{},"s":{"0":1,"1":1,"2":1,"3":1,"4":1,"5":1},"f":{},"b":{}}
,"/Users/admin/Documents/vscode/typeScript/search_member/backend/src/insert-member/insert-member.service.ts": {"path":"/Users/admin/Documents/vscode/typeScript/search_member/backend/src/insert-member/insert-member.service.ts","statementMap":{"0":{"start":{"line":1,"column":0},"end":{"line":1,"column":44}},"1":{"start":{"line":3,"column":0},"end":{"line":3,"column":68}},"2":{"start":{"line":4,"column":0},"end":{"line":4,"column":53}},"3":{"start":{"line":5,"column":0},"end":{"line":5,"column":40}},"4":{"start":{"line":6,"column":0},"end":{"line":6,"column":59}},"5":{"start":{"line":7,"column":0},"end":{"line":7,"column":54}},"6":{"start":{"line":10,"column":7},"end":{"line":75,"column":null}},"7":{"start":{"line":13,"column":21},"end":{"line":13,"column":30}},"8":{"start":{"line":17,"column":4},"end":{"line":33,"column":null}},"9":{"start":{"line":18,"column":6},"end":{"line":29,"column":8}},"10":{"start":{"line":20,"column":28},"end":{"line":22,"column":null}},"11":{"start":{"line":24,"column":10},"end":{"line":27,"column":12}},"12":{"start":{"line":31,"column":6},"end":{"line":31,"column":21}},"13":{"start":{"line":32,"column":6},"end":{"line":32,"column":56}},"14":{"start":{"line":40,"column":24},"end":{"line":40,"column":28}},"15":{"start":{"line":41,"column":4},"end":{"line":41,"column":55}},"16":{"start":{"line":42,"column":4},"end":{"line":42,"column":58}},"17":{"start":{"line":43,"column":4},"end":{"line":43,"column":33}},"18":{"start":{"line":47,"column":21},"end":{"line":51,"column":28}},"19":{"start":{"line":53,"column":4},"end":{"line":53,"column":65}},"20":{"start":{"line":54,"column":4},"end":{"line":54,"column":37}},"21":{"start":{"line":58,"column":26},"end":{"line":58,"column":67}},"22":{"start":{"line":59,"column":30},"end":{"line":59,"column":34}},"23":{"start":{"line":60,"column":4},"end":{"line":60,"column":50}},"24":{"start":{"line":65,"column":4},"end":{"line":69,"column":null}},"25":{"start":{"line":66,"column":6},"end":{"line":66,"column":19}},"26":{"start":{"line":68,"column":6},"end":{"line":68,"column":30}},"27":{"start":{"line":70,"column":4},"end":{"line":72,"column":null}},"28":{"start":{"line":71,"column":6},"end":{"line":71,"column":28}},"29":{"start":{"line":73,"column":4},"end":{"line":73,"column":18}},"30":{"start":{"line":10,"column":13},"end":{"line":10,"column":32}},"31":{"start":{"line":10,"column":13},"end":{"line":75,"column":null}}},"fnMap":{"0":{"name":"(anonymous_4)","decl":{"start":{"line":11,"column":2},"end":{"line":11,"column":null}},"loc":{"start":{"line":13,"column":43},"end":{"line":14,"column":6}}},"1":{"name":"(anonymous_5)","decl":{"start":{"line":16,"column":2},"end":{"line":16,"column":7}},"loc":{"start":{"line":16,"column":38},"end":{"line":34,"column":3}}},"2":{"name":"(anonymous_6)","decl":{"start":{"line":19,"column":8},"end":{"line":19,"column":13}},"loc":{"start":{"line":19,"column":45},"end":{"line":28,"column":9}}},"3":{"name":"(anonymous_7)","decl":{"start":{"line":36,"column":10},"end":{"line":36,"column":15}},"loc":{"start":{"line":38,"column":23},"end":{"line":44,"column":3}}},"4":{"name":"(anonymous_8)","decl":{"start":{"line":46,"column":10},"end":{"line":46,"column":15}},"loc":{"start":{"line":46,"column":55},"end":{"line":55,"column":3}}},"5":{"name":"(anonymous_9)","decl":{"start":{"line":57,"column":10},"end":{"line":57,"column":15}},"loc":{"start":{"line":57,"column":59},"end":{"line":61,"column":3}}},"6":{"name":"(anonymous_10)","decl":{"start":{"line":63,"column":10},"end":{"line":63,"column":21}},"loc":{"start":{"line":63,"column":49},"end":{"line":74,"column":3}}}},"branchMap":{"0":{"loc":{"start":{"line":65,"column":4},"end":{"line":69,"column":null}},"type":"if","locations":[{"start":{"line":65,"column":4},"end":{"line":69,"column":null}},{"start":{"line":67,"column":11},"end":{"line":69,"column":null}}]}},"s":{"0":2,"1":2,"2":2,"3":2,"4":2,"5":2,"6":2,"7":7,"8":9,"9":9,"10":9,"11":5,"12":4,"13":4,"14":9,"15":9,"16":7,"17":5,"18":9,"19":8,"20":7,"21":9,"22":7,"23":7,"24":7,"25":4,"26":3,"27":7,"28":21,"29":7,"30":2,"31":2},"f":{"0":7,"1":9,"2":9,"3":9,"4":9,"5":9,"6":7},"b":{"0":[4,3]}}
,"/Users/admin/Documents/vscode/typeScript/search_member/backend/src/search-member/search-member.controller.ts": {"path":"/Users/admin/Documents/vscode/typeScript/search_member/backend/src/search-member/search-member.controller.ts","statementMap":{"0":{"start":{"line":1,"column":0},"end":{"line":1,"column":null}},"1":{"start":{"line":9,"column":0},"end":{"line":9,"column":62}},"2":{"start":{"line":10,"column":0},"end":{"line":10,"column":64}},"3":{"start":{"line":13,"column":7},"end":{"line":28,"column":null}},"4":{"start":{"line":14,"column":22},"end":{"line":14,"column":31}},"5":{"start":{"line":22,"column":4},"end":{"line":26,"column":7}},"6":{"start":{"line":13,"column":13},"end":{"line":13,"column":35}},"7":{"start":{"line":17,"column":8},"end":{"line":27,"column":null}},"8":{"start":{"line":13,"column":13},"end":{"line":28,"column":null}}},"fnMap":{"0":{"name":"(anonymous_4)","decl":{"start":{"line":14,"column":2},"end":{"line":14,"column":22}},"loc":{"start":{"line":14,"column":50},"end":{"line":14,"column":54}}},"1":{"name":"(anonymous_5)","decl":{"start":{"line":17,"column":2},"end":{"line":17,"column":7}},"loc":{"start":{"line":20,"column":31},"end":{"line":27,"column":3}}}},"branchMap":{"0":{"loc":{"start":{"line":18,"column":58},"end":{"line":18,"column":74}},"type":"default-arg","locations":[{"start":{"line":18,"column":73},"end":{"line":18,"column":74}}]},"1":{"loc":{"start":{"line":19,"column":60},"end":{"line":19,"column":78}},"type":"default-arg","locations":[{"start":{"line":19,"column":76},"end":{"line":19,"column":78}}]}},"s":{"0":1,"1":1,"2":1,"3":1,"4":5,"5":5,"6":1,"7":1,"8":1},"f":{"0":5,"1":5},"b":{"0":[1],"1":[1]}}
,"/Users/admin/Documents/vscode/typeScript/search_member/backend/src/search-member/search-member.module.ts": {"path":"/Users/admin/Documents/vscode/typeScript/search_member/backend/src/search-member/search-member.module.ts","statementMap":{"0":{"start":{"line":1,"column":0},"end":{"line":1,"column":40}},"1":{"start":{"line":2,"column":0},"end":{"line":2,"column":68}},"2":{"start":{"line":3,"column":0},"end":{"line":3,"column":62}},"3":{"start":{"line":4,"column":0},"end":{"line":4,"column":48}},"4":{"start":{"line":5,"column":0},"end":{"line":5,"column":53}},"5":{"start":{"line":12,"column":7},"end":{"line":12,"column":null}},"6":{"start":{"line":12,"column":13},"end":{"line":12,"column":31}},"7":{"start":{"line":12,"column":13},"end":{"line":12,"column":null}}},"fnMap":{},"branchMap":{},"s":{"0":1,"1":1,"2":1,"3":1,"4":1,"5":1,"6":1,"7":1},"f":{},"b":{}}
,"/Users/admin/Documents/vscode/typeScript/search_member/backend/src/search-member/search-member.service.ts": {"path":"/Users/admin/Documents/vscode/typeScript/search_member/backend/src/search-member/search-member.service.ts","statementMap":{"0":{"start":{"line":1,"column":0},"end":{"line":1,"column":44}},"1":{"start":{"line":2,"column":0},"end":{"line":2,"column":68}},"2":{"start":{"line":3,"column":0},"end":{"line":3,"column":51}},"3":{"start":{"line":4,"column":0},"end":{"line":4,"column":43}},"4":{"start":{"line":5,"column":0},"end":{"line":5,"column":53}},"5":{"start":{"line":7,"column":0},"end":{"line":7,"column":42}},"6":{"start":{"line":9,"column":0},"end":{"line":9,"column":71}},"7":{"start":{"line":12,"column":7},"end":{"line":79,"column":null}},"8":{"start":{"line":13,"column":47},"end":{"line":13,"column":59}},"9":{"start":{"line":72,"column":10},"end":{"line":78,"column":4}},"10":{"start":{"line":73,"column":4},"end":{"line":77,"column":6}},"11":{"start":{"line":16,"column":4},"end":{"line":35,"column":null}},"12":{"start":{"line":17,"column":6},"end":{"line":28,"column":null}},"13":{"start":{"line":18,"column":27},"end":{"line":18,"column":59}},"14":{"start":{"line":20,"column":8},"end":{"line":20,"column":63}},"15":{"start":{"line":22,"column":8},"end":{"line":22,"column":23}},"16":{"start":{"line":23,"column":8},"end":{"line":27,"column":10}},"17":{"start":{"line":30,"column":6},"end":{"line":34,"column":8}},"18":{"start":{"line":39,"column":37},"end":{"line":39,"column":39}},"19":{"start":{"line":41,"column":4},"end":{"line":43,"column":null}},"20":{"start":{"line":42,"column":6},"end":{"line":42,"column":30}},"21":{"start":{"line":44,"column":4},"end":{"line":46,"column":null}},"22":{"start":{"line":45,"column":6},"end":{"line":45,"column":52}},"23":{"start":{"line":47,"column":4},"end":{"line":49,"column":null}},"24":{"start":{"line":48,"column":6},"end":{"line":48,"column":58}},"25":{"start":{"line":50,"column":4},"end":{"line":52,"column":null}},"26":{"start":{"line":51,"column":6},"end":{"line":51,"column":32}},"27":{"start":{"line":53,"column":4},"end":{"line":53,"column":22}},"28":{"start":{"line":60,"column":19},"end":{"line":65,"column":6}},"29":{"start":{"line":66,"column":4},"end":{"line":68,"column":null}},"30":{"start":{"line":67,"column":6},"end":{"line":67,"column":61}},"31":{"start":{"line":69,"column":4},"end":{"line":69,"column":36}},"32":{"start":{"line":12,"column":13},"end":{"line":12,"column":32}},"33":{"start":{"line":12,"column":13},"end":{"line":79,"column":null}}},"fnMap":{"0":{"name":"(anonymous_4)","decl":{"start":{"line":13,"column":2},"end":{"line":13,"column":15}},"loc":{"start":{"line":13,"column":76},"end":{"line":13,"column":80}}},"1":{"name":"(anonymous_5)","decl":{"start":{"line":72,"column":26},"end":{"line":72,"column":27}},"loc":{"start":{"line":72,"column":57},"end":{"line":78,"column":3}}},"2":{"name":"(anonymous_6)","decl":{"start":{"line":15,"column":2},"end":{"line":15,"column":7}},"loc":{"start":{"line":15,"column":61},"end":{"line":36,"column":3}}},"3":{"name":"(anonymous_7)","decl":{"start":{"line":38,"column":10},"end":{"line":38,"column":31}},"loc":{"start":{"line":38,"column":44},"end":{"line":54,"column":3}}},"4":{"name":"(anonymous_8)","decl":{"start":{"line":56,"column":10},"end":{"line":56,"column":15}},"loc":{"start":{"line":58,"column":28},"end":{"line":70,"column":3}}}},"branchMap":{"0":{"loc":{"start":{"line":74,"column":6},"end":{"line":76,"column":32}},"type":"binary-expr","locations":[{"start":{"line":74,"column":6},"end":{"line":74,"column":31}},{"start":{"line":75,"column":6},"end":{"line":75,"column":31}},{"start":{"line":76,"column":6},"end":{"line":76,"column":32}}]},"1":{"loc":{"start":{"line":16,"column":4},"end":{"line":35,"column":null}},"type":"if","locations":[{"start":{"line":16,"column":4},"end":{"line":35,"column":null}},{"start":{"line":29,"column":11},"end":{"line":35,"column":null}}]},"2":{"loc":{"start":{"line":41,"column":4},"end":{"line":43,"column":null}},"type":"if","locations":[{"start":{"line":41,"column":4},"end":{"line":43,"column":null}}]},"3":{"loc":{"start":{"line":44,"column":4},"end":{"line":46,"column":null}},"type":"if","locations":[{"start":{"line":44,"column":4},"end":{"line":46,"column":null}}]},"4":{"loc":{"start":{"line":47,"column":4},"end":{"line":49,"column":null}},"type":"if","locations":[{"start":{"line":47,"column":4},"end":{"line":49,"column":null}}]},"5":{"loc":{"start":{"line":50,"column":4},"end":{"line":52,"column":null}},"type":"if","locations":[{"start":{"line":50,"column":4},"end":{"line":52,"column":null}}]},"6":{"loc":{"start":{"line":66,"column":4},"end":{"line":68,"column":null}},"type":"if","locations":[{"start":{"line":66,"column":4},"end":{"line":68,"column":null}}]}},"s":{"0":3,"1":3,"2":3,"3":3,"4":3,"5":3,"6":3,"7":3,"8":10,"9":10,"10":10,"11":10,"12":9,"13":9,"14":9,"15":1,"16":1,"17":1,"18":9,"19":9,"20":2,"21":9,"22":2,"23":9,"24":2,"25":9,"26":2,"27":9,"28":9,"29":8,"30":1,"31":7,"32":3,"33":3},"f":{"0":10,"1":10,"2":10,"3":9,"4":9},"b":{"0":[10,7,4],"1":[9,1],"2":[2],"3":[2],"4":[2],"5":[2],"6":[1]}}
,"/Users/admin/Documents/vscode/typeScript/search_member/backend/src/type/response.type.ts": {"path":"/Users/admin/Documents/vscode/typeScript/search_member/backend/src/type/response.type.ts","statementMap":{"0":{"start":{"line":12,"column":2},"end":{"line":12,"column":21}},"1":{"start":{"line":13,"column":2},"end":{"line":13,"column":19}},"2":{"start":{"line":14,"column":2},"end":{"line":14,"column":66}},"3":{"start":{"line":7,"column":0},"end":{"line":7,"column":16}}},"fnMap":{"0":{"name":"generateResponse","decl":{"start":{"line":7,"column":16},"end":{"line":7,"column":32}},"loc":{"start":{"line":10,"column":21},"end":{"line":15,"column":1}}}},"branchMap":{},"s":{"0":22,"1":22,"2":22,"3":6},"f":{"0":22},"b":{}}
}
