TN:
SF:src/entity/user/insert.user.dto.ts
FNF:0
FNH:0
DA:2,3
DA:10,3
DA:12,3
DA:17,3
DA:22,3
DA:29,3
LF:6
LH:6
BRF:0
BRH:0
end_of_record
TN:
SF:src/entity/user/search.user.dto.ts
FN:10,(anonymous_2)
FN:15,(anonymous_3)
FN:19,(anonymous_4)
FN:23,(anonymous_5)
FNF:4
FNH:4
FNDA:11,(anonymous_2)
FNDA:11,(anonymous_3)
FNDA:11,(anonymous_4)
FNDA:11,(anonymous_5)
DA:2,2
DA:9,2
DA:10,11
DA:13,2
DA:15,11
DA:17,2
DA:19,11
DA:21,2
DA:23,11
DA:28,2
LF:10
LH:10
BRDA:10,0,0,11
BRDA:10,0,1,10
BRDA:15,1,0,11
BRDA:15,1,1,10
BRDA:19,2,0,11
BRDA:19,2,1,10
BRDA:23,3,0,11
BRDA:23,3,1,11
BRF:8
BRH:8
end_of_record
TN:
SF:src/entity/user/sequence.entity.ts
FN:5,(anonymous_2)
FNF:1
FNH:1
FNDA:8,(anonymous_2)
DA:1,4
DA:4,4
DA:6,8
DA:9,4
LF:4
LH:4
BRF:0
BRH:0
end_of_record
TN:
SF:src/entity/user/users.entity.ts
FNF:0
FNH:0
DA:1,6
DA:5,6
DA:7,6
DA:10,6
DA:13,6
DA:16,6
LF:6
LH:6
BRF:0
BRH:0
end_of_record
TN:
SF:src/insert-member/insert-member.controller.ts
FN:8,(anonymous_4)
FN:11,(anonymous_5)
FNF:2
FNH:2
FNDA:5,(anonymous_4)
FNDA:6,(anonymous_5)
DA:1,1
DA:2,1
DA:3,1
DA:7,1
DA:8,5
DA:11,1
DA:12,6
LF:7
LH:7
BRF:0
BRH:0
end_of_record
TN:
SF:src/insert-member/insert-member.module.ts
FNF:0
FNH:0
DA:1,1
DA:2,1
DA:3,1
DA:9,1
LF:4
LH:4
BRF:0
BRH:0
end_of_record
TN:
SF:src/insert-member/insert-member.service.ts
FN:11,(anonymous_4)
FN:16,(anonymous_5)
FN:19,(anonymous_6)
FN:36,(anonymous_7)
FN:46,(anonymous_8)
FN:57,(anonymous_9)
FN:63,(anonymous_10)
FNF:7
FNH:7
FNDA:7,(anonymous_4)
FNDA:9,(anonymous_5)
FNDA:9,(anonymous_6)
FNDA:9,(anonymous_7)
FNDA:9,(anonymous_8)
FNDA:9,(anonymous_9)
FNDA:7,(anonymous_10)
DA:1,2
DA:3,2
DA:4,2
DA:5,2
DA:6,2
DA:7,2
DA:10,2
DA:13,7
DA:17,9
DA:18,9
DA:20,9
DA:24,5
DA:31,4
DA:32,4
DA:40,9
DA:41,9
DA:42,7
DA:43,5
DA:47,9
DA:53,8
DA:54,7
DA:58,9
DA:59,7
DA:60,7
DA:65,7
DA:66,4
DA:68,3
DA:70,7
DA:71,21
DA:73,7
LF:30
LH:30
BRDA:65,0,0,4
BRDA:65,0,1,3
BRF:2
BRH:2
end_of_record
TN:
SF:src/search-member/search-member.controller.ts
FN:14,(anonymous_4)
FN:17,(anonymous_5)
FNF:2
FNH:2
FNDA:5,(anonymous_4)
FNDA:5,(anonymous_5)
DA:1,1
DA:9,1
DA:10,1
DA:13,1
DA:14,5
DA:17,1
DA:22,5
LF:7
LH:7
BRDA:18,0,0,1
BRDA:19,1,0,1
BRF:2
BRH:2
end_of_record
TN:
SF:src/search-member/search-member.module.ts
FNF:0
FNH:0
DA:1,1
DA:2,1
DA:3,1
DA:4,1
DA:5,1
DA:12,1
LF:6
LH:6
BRF:0
BRH:0
end_of_record
TN:
SF:src/search-member/search-member.service.ts
FN:13,(anonymous_4)
FN:72,(anonymous_5)
FN:15,(anonymous_6)
FN:38,(anonymous_7)
FN:56,(anonymous_8)
FNF:5
FNH:5
FNDA:10,(anonymous_4)
FNDA:10,(anonymous_5)
FNDA:10,(anonymous_6)
FNDA:9,(anonymous_7)
FNDA:9,(anonymous_8)
DA:1,3
DA:2,3
DA:3,3
DA:4,3
DA:5,3
DA:7,3
DA:9,3
DA:12,3
DA:13,10
DA:16,10
DA:17,9
DA:18,9
DA:20,9
DA:22,1
DA:23,1
DA:30,1
DA:39,9
DA:41,9
DA:42,2
DA:44,9
DA:45,2
DA:47,9
DA:48,2
DA:50,9
DA:51,2
DA:53,9
DA:60,9
DA:66,8
DA:67,1
DA:69,7
DA:72,10
DA:73,10
LF:32
LH:32
BRDA:74,0,0,10
BRDA:74,0,1,7
BRDA:74,0,2,4
BRDA:16,1,0,9
BRDA:16,1,1,1
BRDA:41,2,0,2
BRDA:44,3,0,2
BRDA:47,4,0,2
BRDA:50,5,0,2
BRDA:66,6,0,1
BRF:10
BRH:10
end_of_record
TN:
SF:src/type/response.type.ts
FN:7,generateResponse
FNF:1
FNH:1
FNDA:22,generateResponse
DA:7,6
DA:12,22
DA:13,22
DA:14,22
LF:4
LH:4
BRF:0
BRH:0
end_of_record
