{"/Users/admin/Documents/vscode/typeScript/search_member/frontend/src/Router.tsx": {"path":"/Users/admin/Documents/vscode/typeScript/search_member/frontend/src/Router.tsx","all":false,"statementMap":{"0":{"start":{"line":1,"column":0},"end":{"line":1,"column":49}},"1":{"start":{"line":2,"column":0},"end":{"line":2,"column":26}},"2":{"start":{"line":3,"column":0},"end":{"line":3,"column":51}},"3":{"start":{"line":4,"column":0},"end":{"line":4,"column":53}},"4":{"start":{"line":5,"column":0},"end":{"line":5,"column":0}},"5":{"start":{"line":6,"column":0},"end":{"line":6,"column":26}},"6":{"start":{"line":7,"column":0},"end":{"line":7,"column":10}},"7":{"start":{"line":8,"column":0},"end":{"line":8,"column":12}},"8":{"start":{"line":9,"column":0},"end":{"line":9,"column":48}},"9":{"start":{"line":10,"column":0},"end":{"line":10,"column":59}},"10":{"start":{"line":11,"column":0},"end":{"line":11,"column":13}},"11":{"start":{"line":12,"column":0},"end":{"line":12,"column":4}},"12":{"start":{"line":13,"column":0},"end":{"line":13,"column":1}}},"s":{"0":1,"1":1,"2":1,"3":1,"4":1,"5":1,"6":2,"7":2,"8":2,"9":2,"10":2,"11":2,"12":2},"branchMap":{"0":{"type":"branch","line":6,"loc":{"start":{"line":6,"column":7},"end":{"line":13,"column":1}},"locations":[{"start":{"line":6,"column":7},"end":{"line":13,"column":1}}]}},"b":{"0":[2]},"fnMap":{"0":{"name":"Router","decl":{"start":{"line":6,"column":7},"end":{"line":13,"column":1}},"loc":{"start":{"line":6,"column":7},"end":{"line":13,"column":1}},"line":6}},"f":{"0":2}}
,"/Users/admin/Documents/vscode/typeScript/search_member/frontend/src/ShowMessage/ShowMessage.tsx": {"path":"/Users/admin/Documents/vscode/typeScript/search_member/frontend/src/ShowMessage/ShowMessage.tsx","all":false,"statementMap":{"0":{"start":{"line":1,"column":0},"end":{"line":1,"column":23}},"1":{"start":{"line":2,"column":0},"end":{"line":2,"column":26}},"2":{"start":{"line":3,"column":0},"end":{"line":3,"column":0}},"3":{"start":{"line":4,"column":0},"end":{"line":4,"column":17}},"4":{"start":{"line":5,"column":0},"end":{"line":5,"column":20}},"5":{"start":{"line":6,"column":0},"end":{"line":6,"column":1}},"6":{"start":{"line":7,"column":0},"end":{"line":7,"column":0}},"7":{"start":{"line":8,"column":0},"end":{"line":8,"column":46}},"8":{"start":{"line":9,"column":0},"end":{"line":9,"column":70}},"9":{"start":{"line":10,"column":0},"end":{"line":10,"column":16}},"10":{"start":{"line":11,"column":0},"end":{"line":11,"column":3}},"11":{"start":{"line":12,"column":0},"end":{"line":12,"column":10}},"12":{"start":{"line":13,"column":0},"end":{"line":13,"column":29}},"13":{"start":{"line":14,"column":0},"end":{"line":14,"column":50}},"14":{"start":{"line":15,"column":0},"end":{"line":15,"column":16}},"15":{"start":{"line":16,"column":0},"end":{"line":16,"column":62}},"16":{"start":{"line":17,"column":0},"end":{"line":17,"column":25}},"17":{"start":{"line":18,"column":0},"end":{"line":18,"column":15}},"18":{"start":{"line":19,"column":0},"end":{"line":19,"column":10}},"19":{"start":{"line":20,"column":0},"end":{"line":20,"column":9}},"20":{"start":{"line":21,"column":0},"end":{"line":21,"column":10}},"21":{"start":{"line":22,"column":0},"end":{"line":22,"column":4}},"22":{"start":{"line":23,"column":0},"end":{"line":23,"column":2}}},"s":{"0":1,"1":1,"2":1,"3":1,"4":1,"5":1,"6":1,"7":1,"8":212,"9":203,"10":203,"11":9,"12":9,"13":9,"14":11,"15":11,"16":11,"17":11,"18":11,"19":9,"20":9,"21":9,"22":9},"branchMap":{"0":{"type":"branch","line":8,"loc":{"start":{"line":8,"column":27},"end":{"line":23,"column":2}},"locations":[{"start":{"line":8,"column":27},"end":{"line":23,"column":2}}]},"1":{"type":"branch","line":9,"loc":{"start":{"line":9,"column":35},"end":{"line":9,"column":69}},"locations":[{"start":{"line":9,"column":35},"end":{"line":9,"column":69}}]},"2":{"type":"branch","line":9,"loc":{"start":{"line":9,"column":69},"end":{"line":11,"column":3}},"locations":[{"start":{"line":9,"column":69},"end":{"line":11,"column":3}}]},"3":{"type":"branch","line":11,"loc":{"start":{"line":11,"column":2},"end":{"line":23,"column":2}},"locations":[{"start":{"line":11,"column":2},"end":{"line":23,"column":2}}]},"4":{"type":"branch","line":14,"loc":{"start":{"line":14,"column":25},"end":{"line":20,"column":7}},"locations":[{"start":{"line":14,"column":25},"end":{"line":20,"column":7}}]}},"b":{"0":[212],"1":[211],"2":[203],"3":[9],"4":[11]},"fnMap":{"0":{"name":"ShowMessage","decl":{"start":{"line":8,"column":27},"end":{"line":23,"column":2}},"loc":{"start":{"line":8,"column":27},"end":{"line":23,"column":2}},"line":8}},"f":{"0":212}}
,"/Users/admin/Documents/vscode/typeScript/search_member/frontend/src/insertUser/InsertUser.tsx": {"path":"/Users/admin/Documents/vscode/typeScript/search_member/frontend/src/insertUser/InsertUser.tsx","all":false,"statementMap":{"0":{"start":{"line":1,"column":0},"end":{"line":1,"column":40}},"1":{"start":{"line":2,"column":0},"end":{"line":2,"column":40}},"2":{"start":{"line":3,"column":0},"end":{"line":3,"column":31}},"3":{"start":{"line":4,"column":0},"end":{"line":4,"column":57}},"4":{"start":{"line":5,"column":0},"end":{"line":5,"column":0}},"5":{"start":{"line":6,"column":0},"end":{"line":6,"column":33}},"6":{"start":{"line":7,"column":0},"end":{"line":7,"column":49}},"7":{"start":{"line":8,"column":0},"end":{"line":8,"column":55}},"8":{"start":{"line":9,"column":0},"end":{"line":9,"column":47}},"9":{"start":{"line":10,"column":0},"end":{"line":10,"column":0}},"10":{"start":{"line":11,"column":0},"end":{"line":11,"column":48}},"11":{"start":{"line":12,"column":0},"end":{"line":12,"column":0}},"12":{"start":{"line":13,"column":0},"end":{"line":13,"column":25}},"13":{"start":{"line":14,"column":0},"end":{"line":14,"column":29}},"14":{"start":{"line":15,"column":0},"end":{"line":15,"column":32}},"15":{"start":{"line":16,"column":0},"end":{"line":16,"column":27}},"16":{"start":{"line":17,"column":0},"end":{"line":17,"column":5}},"17":{"start":{"line":18,"column":0},"end":{"line":18,"column":28}},"18":{"start":{"line":19,"column":0},"end":{"line":19,"column":21}},"19":{"start":{"line":20,"column":0},"end":{"line":20,"column":16}},"20":{"start":{"line":21,"column":0},"end":{"line":21,"column":43}},"21":{"start":{"line":22,"column":0},"end":{"line":22,"column":43}},"22":{"start":{"line":23,"column":0},"end":{"line":23,"column":8}},"23":{"start":{"line":24,"column":0},"end":{"line":24,"column":28}},"24":{"start":{"line":25,"column":0},"end":{"line":25,"column":15}},"25":{"start":{"line":26,"column":0},"end":{"line":26,"column":13}},"26":{"start":{"line":27,"column":0},"end":{"line":27,"column":16}},"27":{"start":{"line":28,"column":0},"end":{"line":28,"column":12}},"28":{"start":{"line":29,"column":0},"end":{"line":29,"column":9}},"29":{"start":{"line":30,"column":0},"end":{"line":30,"column":6}},"30":{"start":{"line":31,"column":0},"end":{"line":31,"column":54}},"31":{"start":{"line":32,"column":0},"end":{"line":32,"column":0}},"32":{"start":{"line":33,"column":0},"end":{"line":33,"column":30}},"33":{"start":{"line":34,"column":0},"end":{"line":34,"column":27}},"34":{"start":{"line":35,"column":0},"end":{"line":35,"column":27}},"35":{"start":{"line":36,"column":0},"end":{"line":36,"column":37}},"36":{"start":{"line":37,"column":0},"end":{"line":37,"column":17}},"37":{"start":{"line":38,"column":0},"end":{"line":38,"column":9}},"38":{"start":{"line":39,"column":0},"end":{"line":39,"column":40}},"39":{"start":{"line":40,"column":0},"end":{"line":40,"column":36}},"40":{"start":{"line":41,"column":0},"end":{"line":41,"column":35}},"41":{"start":{"line":42,"column":0},"end":{"line":42,"column":29}},"42":{"start":{"line":43,"column":0},"end":{"line":43,"column":32}},"43":{"start":{"line":44,"column":0},"end":{"line":44,"column":28}},"44":{"start":{"line":45,"column":0},"end":{"line":45,"column":11}},"45":{"start":{"line":46,"column":0},"end":{"line":46,"column":11}},"46":{"start":{"line":47,"column":0},"end":{"line":47,"column":8}},"47":{"start":{"line":48,"column":0},"end":{"line":48,"column":25}},"48":{"start":{"line":49,"column":0},"end":{"line":49,"column":27}},"49":{"start":{"line":50,"column":0},"end":{"line":50,"column":35}},"50":{"start":{"line":51,"column":0},"end":{"line":51,"column":9}},"51":{"start":{"line":52,"column":0},"end":{"line":52,"column":3}},"52":{"start":{"line":53,"column":0},"end":{"line":53,"column":0}},"53":{"start":{"line":54,"column":0},"end":{"line":54,"column":31}},"54":{"start":{"line":55,"column":0},"end":{"line":55,"column":27}},"55":{"start":{"line":56,"column":0},"end":{"line":56,"column":33}},"56":{"start":{"line":57,"column":0},"end":{"line":57,"column":25}},"57":{"start":{"line":58,"column":0},"end":{"line":58,"column":32}},"58":{"start":{"line":59,"column":0},"end":{"line":59,"column":4}},"59":{"start":{"line":60,"column":0},"end":{"line":60,"column":0}},"60":{"start":{"line":61,"column":0},"end":{"line":61,"column":27}},"61":{"start":{"line":62,"column":0},"end":{"line":62,"column":21}},"62":{"start":{"line":63,"column":0},"end":{"line":63,"column":24}},"63":{"start":{"line":64,"column":0},"end":{"line":64,"column":20}},"64":{"start":{"line":65,"column":0},"end":{"line":65,"column":4}},"65":{"start":{"line":66,"column":0},"end":{"line":66,"column":0}},"66":{"start":{"line":67,"column":0},"end":{"line":67,"column":10}},"67":{"start":{"line":68,"column":0},"end":{"line":68,"column":58}},"68":{"start":{"line":69,"column":0},"end":{"line":69,"column":44}},"69":{"start":{"line":70,"column":0},"end":{"line":70,"column":21}},"70":{"start":{"line":71,"column":0},"end":{"line":71,"column":69}},"71":{"start":{"line":72,"column":0},"end":{"line":72,"column":13}},"72":{"start":{"line":73,"column":0},"end":{"line":73,"column":42}},"73":{"start":{"line":74,"column":0},"end":{"line":74,"column":13}},"74":{"start":{"line":75,"column":0},"end":{"line":75,"column":51}},"75":{"start":{"line":76,"column":0},"end":{"line":76,"column":16}},"76":{"start":{"line":77,"column":0},"end":{"line":77,"column":16}},"77":{"start":{"line":78,"column":0},"end":{"line":78,"column":32}},"78":{"start":{"line":79,"column":0},"end":{"line":79,"column":30}},"79":{"start":{"line":80,"column":0},"end":{"line":80,"column":23}},"80":{"start":{"line":81,"column":0},"end":{"line":81,"column":48}},"81":{"start":{"line":82,"column":0},"end":{"line":82,"column":29}},"82":{"start":{"line":83,"column":0},"end":{"line":83,"column":30}},"83":{"start":{"line":84,"column":0},"end":{"line":84,"column":43}},"84":{"start":{"line":85,"column":0},"end":{"line":85,"column":14}},"85":{"start":{"line":86,"column":0},"end":{"line":86,"column":12}},"86":{"start":{"line":87,"column":0},"end":{"line":87,"column":14}},"87":{"start":{"line":88,"column":0},"end":{"line":88,"column":13}},"88":{"start":{"line":89,"column":0},"end":{"line":89,"column":54}},"89":{"start":{"line":90,"column":0},"end":{"line":90,"column":16}},"90":{"start":{"line":91,"column":0},"end":{"line":91,"column":16}},"91":{"start":{"line":92,"column":0},"end":{"line":92,"column":35}},"92":{"start":{"line":93,"column":0},"end":{"line":93,"column":33}},"93":{"start":{"line":94,"column":0},"end":{"line":94,"column":23}},"94":{"start":{"line":95,"column":0},"end":{"line":95,"column":48}},"95":{"start":{"line":96,"column":0},"end":{"line":96,"column":32}},"96":{"start":{"line":97,"column":0},"end":{"line":97,"column":30}},"97":{"start":{"line":98,"column":0},"end":{"line":98,"column":46}},"98":{"start":{"line":99,"column":0},"end":{"line":99,"column":14}},"99":{"start":{"line":100,"column":0},"end":{"line":100,"column":12}},"100":{"start":{"line":101,"column":0},"end":{"line":101,"column":14}},"101":{"start":{"line":102,"column":0},"end":{"line":102,"column":13}},"102":{"start":{"line":103,"column":0},"end":{"line":103,"column":52}},"103":{"start":{"line":104,"column":0},"end":{"line":104,"column":16}},"104":{"start":{"line":105,"column":0},"end":{"line":105,"column":16}},"105":{"start":{"line":106,"column":0},"end":{"line":106,"column":31}},"106":{"start":{"line":107,"column":0},"end":{"line":107,"column":29}},"107":{"start":{"line":108,"column":0},"end":{"line":108,"column":23}},"108":{"start":{"line":109,"column":0},"end":{"line":109,"column":48}},"109":{"start":{"line":110,"column":0},"end":{"line":110,"column":28}},"110":{"start":{"line":111,"column":0},"end":{"line":111,"column":30}},"111":{"start":{"line":112,"column":0},"end":{"line":112,"column":42}},"112":{"start":{"line":113,"column":0},"end":{"line":113,"column":14}},"113":{"start":{"line":114,"column":0},"end":{"line":114,"column":12}},"114":{"start":{"line":115,"column":0},"end":{"line":115,"column":14}},"115":{"start":{"line":116,"column":0},"end":{"line":116,"column":43}},"116":{"start":{"line":117,"column":0},"end":{"line":117,"column":17}},"117":{"start":{"line":118,"column":0},"end":{"line":118,"column":39}},"118":{"start":{"line":119,"column":0},"end":{"line":119,"column":28}},"119":{"start":{"line":120,"column":0},"end":{"line":120,"column":30}},"120":{"start":{"line":121,"column":0},"end":{"line":121,"column":14}},"121":{"start":{"line":122,"column":0},"end":{"line":122,"column":11}},"122":{"start":{"line":123,"column":0},"end":{"line":123,"column":14}},"123":{"start":{"line":124,"column":0},"end":{"line":124,"column":19}},"124":{"start":{"line":125,"column":0},"end":{"line":125,"column":17}},"125":{"start":{"line":126,"column":0},"end":{"line":126,"column":39}},"126":{"start":{"line":127,"column":0},"end":{"line":127,"column":28}},"127":{"start":{"line":128,"column":0},"end":{"line":128,"column":26}},"128":{"start":{"line":129,"column":0},"end":{"line":129,"column":14}},"129":{"start":{"line":130,"column":0},"end":{"line":130,"column":11}},"130":{"start":{"line":131,"column":0},"end":{"line":131,"column":16}},"131":{"start":{"line":132,"column":0},"end":{"line":132,"column":19}},"132":{"start":{"line":133,"column":0},"end":{"line":133,"column":14}},"133":{"start":{"line":134,"column":0},"end":{"line":134,"column":12}},"134":{"start":{"line":135,"column":0},"end":{"line":135,"column":39}},"135":{"start":{"line":136,"column":0},"end":{"line":136,"column":10}},"136":{"start":{"line":137,"column":0},"end":{"line":137,"column":4}},"137":{"start":{"line":138,"column":0},"end":{"line":138,"column":2}}},"s":{"0":1,"1":1,"2":1,"3":1,"4":1,"5":1,"6":128,"7":128,"8":128,"9":128,"10":128,"11":128,"12":128,"13":4,"14":4,"15":4,"16":4,"17":4,"18":4,"19":4,"20":4,"21":4,"22":4,"23":4,"24":4,"25":4,"26":4,"27":4,"28":4,"29":4,"30":4,"31":4,"32":4,"33":4,"34":3,"35":1,"36":1,"37":1,"38":2,"39":2,"40":2,"41":1,"42":1,"43":1,"44":1,"45":2,"46":4,"47":4,"48":1,"49":1,"50":4,"51":4,"52":128,"53":128,"54":4,"55":4,"56":4,"57":4,"58":4,"59":128,"60":128,"61":1,"62":1,"63":1,"64":1,"65":128,"66":128,"67":128,"68":128,"69":128,"70":128,"71":128,"72":128,"73":128,"74":128,"75":128,"76":128,"77":128,"78":128,"79":128,"80":128,"81":128,"82":128,"83":34,"84":34,"85":128,"86":128,"87":128,"88":128,"89":128,"90":128,"91":128,"92":128,"93":128,"94":128,"95":128,"96":128,"97":36,"98":36,"99":128,"100":128,"101":128,"102":128,"103":128,"104":128,"105":128,"106":128,"107":128,"108":128,"109":128,"110":128,"111":45,"112":45,"113":128,"114":128,"115":128,"116":128,"117":128,"118":128,"119":4,"120":4,"121":128,"122":128,"123":128,"124":128,"125":128,"126":128,"127":1,"128":1,"129":128,"130":128,"131":128,"132":128,"133":128,"134":128,"135":128,"136":128,"137":128},"branchMap":{"0":{"type":"branch","line":6,"loc":{"start":{"line":6,"column":26},"end":{"line":138,"column":2}},"locations":[{"start":{"line":6,"column":26},"end":{"line":138,"column":2}}]},"1":{"type":"branch","line":13,"loc":{"start":{"line":13,"column":2},"end":{"line":52,"column":3}},"locations":[{"start":{"line":13,"column":2},"end":{"line":52,"column":3}}]},"2":{"type":"branch","line":34,"loc":{"start":{"line":34,"column":12},"end":{"line":47,"column":7}},"locations":[{"start":{"line":34,"column":12},"end":{"line":47,"column":7}}]},"3":{"type":"branch","line":35,"loc":{"start":{"line":35,"column":26},"end":{"line":38,"column":9}},"locations":[{"start":{"line":35,"column":26},"end":{"line":38,"column":9}}]},"4":{"type":"branch","line":38,"loc":{"start":{"line":38,"column":8},"end":{"line":46,"column":11}},"locations":[{"start":{"line":38,"column":8},"end":{"line":46,"column":11}}]},"5":{"type":"branch","line":39,"loc":{"start":{"line":39,"column":29},"end":{"line":46,"column":9}},"locations":[{"start":{"line":39,"column":29},"end":{"line":46,"column":9}}]},"6":{"type":"branch","line":41,"loc":{"start":{"line":41,"column":34},"end":{"line":45,"column":11}},"locations":[{"start":{"line":41,"column":34},"end":{"line":45,"column":11}}]},"7":{"type":"branch","line":48,"loc":{"start":{"line":48,"column":13},"end":{"line":51,"column":7}},"locations":[{"start":{"line":48,"column":13},"end":{"line":51,"column":7}}]},"8":{"type":"branch","line":54,"loc":{"start":{"line":54,"column":24},"end":{"line":59,"column":4}},"locations":[{"start":{"line":54,"column":24},"end":{"line":59,"column":4}}]},"9":{"type":"branch","line":61,"loc":{"start":{"line":61,"column":20},"end":{"line":65,"column":4}},"locations":[{"start":{"line":61,"column":20},"end":{"line":65,"column":4}}]},"10":{"type":"branch","line":83,"loc":{"start":{"line":83,"column":22},"end":{"line":85,"column":14}},"locations":[{"start":{"line":83,"column":22},"end":{"line":85,"column":14}}]},"11":{"type":"branch","line":97,"loc":{"start":{"line":97,"column":22},"end":{"line":99,"column":14}},"locations":[{"start":{"line":97,"column":22},"end":{"line":99,"column":14}}]},"12":{"type":"branch","line":111,"loc":{"start":{"line":111,"column":22},"end":{"line":113,"column":14}},"locations":[{"start":{"line":111,"column":22},"end":{"line":113,"column":14}}]},"13":{"type":"branch","line":119,"loc":{"start":{"line":119,"column":21},"end":{"line":121,"column":14}},"locations":[{"start":{"line":119,"column":21},"end":{"line":121,"column":14}}]},"14":{"type":"branch","line":127,"loc":{"start":{"line":127,"column":21},"end":{"line":129,"column":14}},"locations":[{"start":{"line":127,"column":21},"end":{"line":129,"column":14}}]}},"b":{"0":[128],"1":[4],"2":[3],"3":[1],"4":[2],"5":[2],"6":[1],"7":[1],"8":[4],"9":[1],"10":[34],"11":[36],"12":[45],"13":[4],"14":[1]},"fnMap":{"0":{"name":"InsertUser","decl":{"start":{"line":6,"column":26},"end":{"line":138,"column":2}},"loc":{"start":{"line":6,"column":26},"end":{"line":138,"column":2}},"line":6},"1":{"name":"callApi","decl":{"start":{"line":13,"column":2},"end":{"line":52,"column":3}},"loc":{"start":{"line":13,"column":2},"end":{"line":52,"column":3}},"line":13},"2":{"name":"submitHandler","decl":{"start":{"line":54,"column":24},"end":{"line":59,"column":4}},"loc":{"start":{"line":54,"column":24},"end":{"line":59,"column":4}},"line":54},"3":{"name":"resetData","decl":{"start":{"line":61,"column":20},"end":{"line":65,"column":4}},"loc":{"start":{"line":61,"column":20},"end":{"line":65,"column":4}},"line":61},"4":{"name":"onChange","decl":{"start":{"line":83,"column":22},"end":{"line":85,"column":14}},"loc":{"start":{"line":83,"column":22},"end":{"line":85,"column":14}},"line":83},"5":{"name":"onChange","decl":{"start":{"line":97,"column":22},"end":{"line":99,"column":14}},"loc":{"start":{"line":97,"column":22},"end":{"line":99,"column":14}},"line":97},"6":{"name":"onChange","decl":{"start":{"line":111,"column":22},"end":{"line":113,"column":14}},"loc":{"start":{"line":111,"column":22},"end":{"line":113,"column":14}},"line":111},"7":{"name":"onClick","decl":{"start":{"line":119,"column":21},"end":{"line":121,"column":14}},"loc":{"start":{"line":119,"column":21},"end":{"line":121,"column":14}},"line":119},"8":{"name":"onClick","decl":{"start":{"line":127,"column":21},"end":{"line":129,"column":14}},"loc":{"start":{"line":127,"column":21},"end":{"line":129,"column":14}},"line":127}},"f":{"0":128,"1":4,"2":4,"3":1,"4":34,"5":36,"6":45,"7":4,"8":1}}
,"/Users/admin/Documents/vscode/typeScript/search_member/frontend/src/searchUser/SearchBox.tsx": {"path":"/Users/admin/Documents/vscode/typeScript/search_member/frontend/src/searchUser/SearchBox.tsx","all":false,"statementMap":{"0":{"start":{"line":1,"column":0},"end":{"line":1,"column":31}},"1":{"start":{"line":2,"column":0},"end":{"line":2,"column":40}},"2":{"start":{"line":3,"column":0},"end":{"line":3,"column":57}},"3":{"start":{"line":4,"column":0},"end":{"line":4,"column":40}},"4":{"start":{"line":5,"column":0},"end":{"line":5,"column":40}},"5":{"start":{"line":6,"column":0},"end":{"line":6,"column":45}},"6":{"start":{"line":7,"column":0},"end":{"line":7,"column":0}},"7":{"start":{"line":8,"column":0},"end":{"line":8,"column":32}},"8":{"start":{"line":9,"column":0},"end":{"line":9,"column":39}},"9":{"start":{"line":10,"column":0},"end":{"line":10,"column":48}},"10":{"start":{"line":11,"column":0},"end":{"line":11,"column":0}},"11":{"start":{"line":12,"column":0},"end":{"line":12,"column":35}},"12":{"start":{"line":13,"column":0},"end":{"line":13,"column":39}},"13":{"start":{"line":14,"column":0},"end":{"line":14,"column":45}},"14":{"start":{"line":15,"column":0},"end":{"line":15,"column":37}},"15":{"start":{"line":16,"column":0},"end":{"line":16,"column":0}},"16":{"start":{"line":17,"column":0},"end":{"line":17,"column":42}},"17":{"start":{"line":18,"column":0},"end":{"line":18,"column":18}},"18":{"start":{"line":19,"column":0},"end":{"line":19,"column":17}},"19":{"start":{"line":20,"column":0},"end":{"line":20,"column":20}},"20":{"start":{"line":21,"column":0},"end":{"line":21,"column":18}},"21":{"start":{"line":22,"column":0},"end":{"line":22,"column":19}},"22":{"start":{"line":23,"column":0},"end":{"line":23,"column":5}},"23":{"start":{"line":24,"column":0},"end":{"line":24,"column":41}},"24":{"start":{"line":25,"column":0},"end":{"line":25,"column":0}},"25":{"start":{"line":26,"column":0},"end":{"line":26,"column":25}},"26":{"start":{"line":27,"column":0},"end":{"line":27,"column":27}},"27":{"start":{"line":28,"column":0},"end":{"line":28,"column":29}},"28":{"start":{"line":29,"column":0},"end":{"line":29,"column":32}},"29":{"start":{"line":30,"column":0},"end":{"line":30,"column":27}},"30":{"start":{"line":31,"column":0},"end":{"line":31,"column":5}},"31":{"start":{"line":32,"column":0},"end":{"line":32,"column":28}},"32":{"start":{"line":33,"column":0},"end":{"line":33,"column":21}},"33":{"start":{"line":34,"column":0},"end":{"line":34,"column":16}},"34":{"start":{"line":35,"column":0},"end":{"line":35,"column":43}},"35":{"start":{"line":36,"column":0},"end":{"line":36,"column":43}},"36":{"start":{"line":37,"column":0},"end":{"line":37,"column":8}},"37":{"start":{"line":38,"column":0},"end":{"line":38,"column":28}},"38":{"start":{"line":39,"column":0},"end":{"line":39,"column":11}},"39":{"start":{"line":40,"column":0},"end":{"line":40,"column":13}},"40":{"start":{"line":41,"column":0},"end":{"line":41,"column":16}},"41":{"start":{"line":42,"column":0},"end":{"line":42,"column":12}},"42":{"start":{"line":43,"column":0},"end":{"line":43,"column":9}},"43":{"start":{"line":44,"column":0},"end":{"line":44,"column":6}},"44":{"start":{"line":45,"column":0},"end":{"line":45,"column":69}},"45":{"start":{"line":46,"column":0},"end":{"line":46,"column":0}},"46":{"start":{"line":47,"column":0},"end":{"line":47,"column":30}},"47":{"start":{"line":48,"column":0},"end":{"line":48,"column":27}},"48":{"start":{"line":49,"column":0},"end":{"line":49,"column":27}},"49":{"start":{"line":50,"column":0},"end":{"line":50,"column":37}},"50":{"start":{"line":51,"column":0},"end":{"line":51,"column":17}},"51":{"start":{"line":52,"column":0},"end":{"line":52,"column":9}},"52":{"start":{"line":53,"column":0},"end":{"line":53,"column":40}},"53":{"start":{"line":54,"column":0},"end":{"line":54,"column":40}},"54":{"start":{"line":55,"column":0},"end":{"line":55,"column":37}},"55":{"start":{"line":56,"column":0},"end":{"line":56,"column":36}},"56":{"start":{"line":57,"column":0},"end":{"line":57,"column":11}},"57":{"start":{"line":58,"column":0},"end":{"line":58,"column":36}},"58":{"start":{"line":59,"column":0},"end":{"line":59,"column":11}},"59":{"start":{"line":60,"column":0},"end":{"line":60,"column":8}},"60":{"start":{"line":61,"column":0},"end":{"line":61,"column":25}},"61":{"start":{"line":62,"column":0},"end":{"line":62,"column":29}},"62":{"start":{"line":63,"column":0},"end":{"line":63,"column":35}},"63":{"start":{"line":64,"column":0},"end":{"line":64,"column":9}},"64":{"start":{"line":65,"column":0},"end":{"line":65,"column":3}},"65":{"start":{"line":66,"column":0},"end":{"line":66,"column":0}},"66":{"start":{"line":67,"column":0},"end":{"line":67,"column":31}},"67":{"start":{"line":68,"column":0},"end":{"line":68,"column":16}},"68":{"start":{"line":69,"column":0},"end":{"line":69,"column":36}},"69":{"start":{"line":70,"column":0},"end":{"line":70,"column":4}},"70":{"start":{"line":71,"column":0},"end":{"line":71,"column":0}},"71":{"start":{"line":72,"column":0},"end":{"line":72,"column":27}},"72":{"start":{"line":73,"column":0},"end":{"line":73,"column":22}},"73":{"start":{"line":74,"column":0},"end":{"line":74,"column":16}},"74":{"start":{"line":75,"column":0},"end":{"line":75,"column":14}},"75":{"start":{"line":76,"column":0},"end":{"line":76,"column":16}},"76":{"start":{"line":77,"column":0},"end":{"line":77,"column":19}},"77":{"start":{"line":78,"column":0},"end":{"line":78,"column":15}},"78":{"start":{"line":79,"column":0},"end":{"line":79,"column":4}},"79":{"start":{"line":80,"column":0},"end":{"line":80,"column":0}},"80":{"start":{"line":81,"column":0},"end":{"line":81,"column":10}},"81":{"start":{"line":82,"column":0},"end":{"line":82,"column":50}},"82":{"start":{"line":83,"column":0},"end":{"line":83,"column":44}},"83":{"start":{"line":84,"column":0},"end":{"line":84,"column":41}},"84":{"start":{"line":85,"column":0},"end":{"line":85,"column":33}},"85":{"start":{"line":86,"column":0},"end":{"line":86,"column":43}},"86":{"start":{"line":87,"column":0},"end":{"line":87,"column":17}},"87":{"start":{"line":88,"column":0},"end":{"line":88,"column":56}},"88":{"start":{"line":89,"column":0},"end":{"line":89,"column":20}},"89":{"start":{"line":90,"column":0},"end":{"line":90,"column":20}},"90":{"start":{"line":91,"column":0},"end":{"line":91,"column":34}},"91":{"start":{"line":92,"column":0},"end":{"line":92,"column":32}},"92":{"start":{"line":93,"column":0},"end":{"line":93,"column":27}},"93":{"start":{"line":94,"column":0},"end":{"line":94,"column":47}},"94":{"start":{"line":95,"column":0},"end":{"line":95,"column":26}},"95":{"start":{"line":96,"column":0},"end":{"line":96,"column":34}},"96":{"start":{"line":97,"column":0},"end":{"line":97,"column":40}},"97":{"start":{"line":98,"column":0},"end":{"line":98,"column":18}},"98":{"start":{"line":99,"column":0},"end":{"line":99,"column":16}},"99":{"start":{"line":100,"column":0},"end":{"line":100,"column":18}},"100":{"start":{"line":101,"column":0},"end":{"line":101,"column":17}},"101":{"start":{"line":102,"column":0},"end":{"line":102,"column":55}},"102":{"start":{"line":103,"column":0},"end":{"line":103,"column":20}},"103":{"start":{"line":104,"column":0},"end":{"line":104,"column":20}},"104":{"start":{"line":105,"column":0},"end":{"line":105,"column":36}},"105":{"start":{"line":106,"column":0},"end":{"line":106,"column":34}},"106":{"start":{"line":107,"column":0},"end":{"line":107,"column":27}},"107":{"start":{"line":108,"column":0},"end":{"line":108,"column":47}},"108":{"start":{"line":109,"column":0},"end":{"line":109,"column":28}},"109":{"start":{"line":110,"column":0},"end":{"line":110,"column":34}},"110":{"start":{"line":111,"column":0},"end":{"line":111,"column":42}},"111":{"start":{"line":112,"column":0},"end":{"line":112,"column":18}},"112":{"start":{"line":113,"column":0},"end":{"line":113,"column":16}},"113":{"start":{"line":114,"column":0},"end":{"line":114,"column":18}},"114":{"start":{"line":115,"column":0},"end":{"line":115,"column":16}},"115":{"start":{"line":116,"column":0},"end":{"line":116,"column":43}},"116":{"start":{"line":117,"column":0},"end":{"line":117,"column":17}},"117":{"start":{"line":118,"column":0},"end":{"line":118,"column":58}},"118":{"start":{"line":119,"column":0},"end":{"line":119,"column":20}},"119":{"start":{"line":120,"column":0},"end":{"line":120,"column":20}},"120":{"start":{"line":121,"column":0},"end":{"line":121,"column":39}},"121":{"start":{"line":122,"column":0},"end":{"line":122,"column":37}},"122":{"start":{"line":123,"column":0},"end":{"line":123,"column":27}},"123":{"start":{"line":124,"column":0},"end":{"line":124,"column":47}},"124":{"start":{"line":125,"column":0},"end":{"line":125,"column":31}},"125":{"start":{"line":126,"column":0},"end":{"line":126,"column":34}},"126":{"start":{"line":127,"column":0},"end":{"line":127,"column":45}},"127":{"start":{"line":128,"column":0},"end":{"line":128,"column":18}},"128":{"start":{"line":129,"column":0},"end":{"line":129,"column":16}},"129":{"start":{"line":130,"column":0},"end":{"line":130,"column":18}},"130":{"start":{"line":131,"column":0},"end":{"line":131,"column":17}},"131":{"start":{"line":132,"column":0},"end":{"line":132,"column":56}},"132":{"start":{"line":133,"column":0},"end":{"line":133,"column":20}},"133":{"start":{"line":134,"column":0},"end":{"line":134,"column":20}},"134":{"start":{"line":135,"column":0},"end":{"line":135,"column":35}},"135":{"start":{"line":136,"column":0},"end":{"line":136,"column":33}},"136":{"start":{"line":137,"column":0},"end":{"line":137,"column":27}},"137":{"start":{"line":138,"column":0},"end":{"line":138,"column":47}},"138":{"start":{"line":139,"column":0},"end":{"line":139,"column":27}},"139":{"start":{"line":140,"column":0},"end":{"line":140,"column":34}},"140":{"start":{"line":141,"column":0},"end":{"line":141,"column":41}},"141":{"start":{"line":142,"column":0},"end":{"line":142,"column":18}},"142":{"start":{"line":143,"column":0},"end":{"line":143,"column":16}},"143":{"start":{"line":144,"column":0},"end":{"line":144,"column":18}},"144":{"start":{"line":145,"column":0},"end":{"line":145,"column":16}},"145":{"start":{"line":146,"column":0},"end":{"line":146,"column":45}},"146":{"start":{"line":147,"column":0},"end":{"line":147,"column":19}},"147":{"start":{"line":148,"column":0},"end":{"line":148,"column":41}},"148":{"start":{"line":149,"column":0},"end":{"line":149,"column":30}},"149":{"start":{"line":150,"column":0},"end":{"line":150,"column":32}},"150":{"start":{"line":151,"column":0},"end":{"line":151,"column":16}},"151":{"start":{"line":152,"column":0},"end":{"line":152,"column":13}},"152":{"start":{"line":153,"column":0},"end":{"line":153,"column":16}},"153":{"start":{"line":154,"column":0},"end":{"line":154,"column":21}},"154":{"start":{"line":155,"column":0},"end":{"line":155,"column":19}},"155":{"start":{"line":156,"column":0},"end":{"line":156,"column":41}},"156":{"start":{"line":157,"column":0},"end":{"line":157,"column":30}},"157":{"start":{"line":158,"column":0},"end":{"line":158,"column":28}},"158":{"start":{"line":159,"column":0},"end":{"line":159,"column":16}},"159":{"start":{"line":160,"column":0},"end":{"line":160,"column":13}},"160":{"start":{"line":161,"column":0},"end":{"line":161,"column":18}},"161":{"start":{"line":162,"column":0},"end":{"line":162,"column":21}},"162":{"start":{"line":163,"column":0},"end":{"line":163,"column":16}},"163":{"start":{"line":164,"column":0},"end":{"line":164,"column":14}},"164":{"start":{"line":165,"column":0},"end":{"line":165,"column":12}},"165":{"start":{"line":166,"column":0},"end":{"line":166,"column":55}},"166":{"start":{"line":167,"column":0},"end":{"line":167,"column":33}},"167":{"start":{"line":168,"column":0},"end":{"line":168,"column":71}},"168":{"start":{"line":169,"column":0},"end":{"line":169,"column":15}},"169":{"start":{"line":170,"column":0},"end":{"line":170,"column":12}},"170":{"start":{"line":171,"column":0},"end":{"line":171,"column":39}},"171":{"start":{"line":172,"column":0},"end":{"line":172,"column":16}},"172":{"start":{"line":173,"column":0},"end":{"line":173,"column":42}},"173":{"start":{"line":174,"column":0},"end":{"line":174,"column":37}},"174":{"start":{"line":175,"column":0},"end":{"line":175,"column":37}},"175":{"start":{"line":176,"column":0},"end":{"line":176,"column":47}},"176":{"start":{"line":177,"column":0},"end":{"line":177,"column":40}},"177":{"start":{"line":178,"column":0},"end":{"line":178,"column":8}},"178":{"start":{"line":179,"column":0},"end":{"line":179,"column":10}},"179":{"start":{"line":180,"column":0},"end":{"line":180,"column":4}},"180":{"start":{"line":181,"column":0},"end":{"line":181,"column":2}}},"s":{"0":1,"1":1,"2":1,"3":1,"4":1,"5":1,"6":1,"7":1,"8":81,"9":81,"10":81,"11":81,"12":81,"13":81,"14":81,"15":81,"16":81,"17":81,"18":81,"19":81,"20":81,"21":81,"22":81,"23":81,"24":81,"25":81,"26":5,"27":5,"28":5,"29":5,"30":5,"31":5,"32":5,"33":5,"34":5,"35":5,"36":5,"37":5,"38":5,"39":5,"40":5,"41":5,"42":5,"43":5,"44":5,"45":5,"46":5,"47":5,"48":4,"49":1,"50":1,"51":1,"52":3,"53":3,"54":3,"55":3,"56":3,"57":3,"58":3,"59":5,"60":5,"61":1,"62":1,"63":5,"64":5,"65":81,"66":81,"67":5,"68":5,"69":5,"70":81,"71":81,"72":1,"73":1,"74":1,"75":1,"76":1,"77":1,"78":1,"79":81,"80":81,"81":81,"82":81,"83":81,"84":81,"85":81,"86":81,"87":81,"88":81,"89":81,"90":81,"91":81,"92":81,"93":81,"94":81,"95":81,"96":20,"97":20,"98":81,"99":81,"100":81,"101":81,"102":81,"103":81,"104":81,"105":81,"106":81,"107":81,"108":81,"109":81,"110":4,"111":4,"112":81,"113":81,"114":81,"115":81,"116":81,"117":81,"118":81,"119":81,"120":81,"121":81,"122":81,"123":81,"124":81,"125":81,"126":8,"127":8,"128":81,"129":81,"130":81,"131":81,"132":81,"133":81,"134":81,"135":81,"136":81,"137":81,"138":81,"139":81,"140":29,"141":29,"142":81,"143":81,"144":81,"145":81,"146":81,"147":81,"148":81,"149":5,"150":5,"151":81,"152":81,"153":81,"154":81,"155":81,"156":81,"157":1,"158":1,"159":81,"160":81,"161":81,"162":81,"163":81,"164":81,"165":81,"166":81,"167":81,"168":81,"169":81,"170":81,"171":81,"172":81,"173":81,"174":81,"175":81,"176":81,"177":81,"178":81,"179":81,"180":81},"branchMap":{"0":{"type":"branch","line":8,"loc":{"start":{"line":8,"column":25},"end":{"line":181,"column":2}},"locations":[{"start":{"line":8,"column":25},"end":{"line":181,"column":2}}]},"1":{"type":"branch","line":26,"loc":{"start":{"line":26,"column":2},"end":{"line":65,"column":3}},"locations":[{"start":{"line":26,"column":2},"end":{"line":65,"column":3}}]},"2":{"type":"branch","line":48,"loc":{"start":{"line":48,"column":12},"end":{"line":60,"column":7}},"locations":[{"start":{"line":48,"column":12},"end":{"line":60,"column":7}}]},"3":{"type":"branch","line":49,"loc":{"start":{"line":49,"column":26},"end":{"line":52,"column":9}},"locations":[{"start":{"line":49,"column":26},"end":{"line":52,"column":9}}]},"4":{"type":"branch","line":52,"loc":{"start":{"line":52,"column":8},"end":{"line":59,"column":11}},"locations":[{"start":{"line":52,"column":8},"end":{"line":59,"column":11}}]},"5":{"type":"branch","line":53,"loc":{"start":{"line":53,"column":29},"end":{"line":59,"column":9}},"locations":[{"start":{"line":53,"column":29},"end":{"line":59,"column":9}}]},"6":{"type":"branch","line":61,"loc":{"start":{"line":61,"column":13},"end":{"line":64,"column":7}},"locations":[{"start":{"line":61,"column":13},"end":{"line":64,"column":7}}]},"7":{"type":"branch","line":67,"loc":{"start":{"line":67,"column":24},"end":{"line":70,"column":4}},"locations":[{"start":{"line":67,"column":24},"end":{"line":70,"column":4}}]},"8":{"type":"branch","line":72,"loc":{"start":{"line":72,"column":20},"end":{"line":79,"column":4}},"locations":[{"start":{"line":72,"column":20},"end":{"line":79,"column":4}}]},"9":{"type":"branch","line":96,"loc":{"start":{"line":96,"column":26},"end":{"line":98,"column":18}},"locations":[{"start":{"line":96,"column":26},"end":{"line":98,"column":18}}]},"10":{"type":"branch","line":110,"loc":{"start":{"line":110,"column":26},"end":{"line":112,"column":18}},"locations":[{"start":{"line":110,"column":26},"end":{"line":112,"column":18}}]},"11":{"type":"branch","line":126,"loc":{"start":{"line":126,"column":26},"end":{"line":128,"column":18}},"locations":[{"start":{"line":126,"column":26},"end":{"line":128,"column":18}}]},"12":{"type":"branch","line":140,"loc":{"start":{"line":140,"column":26},"end":{"line":142,"column":18}},"locations":[{"start":{"line":140,"column":26},"end":{"line":142,"column":18}}]},"13":{"type":"branch","line":149,"loc":{"start":{"line":149,"column":23},"end":{"line":151,"column":16}},"locations":[{"start":{"line":149,"column":23},"end":{"line":151,"column":16}}]},"14":{"type":"branch","line":157,"loc":{"start":{"line":157,"column":23},"end":{"line":159,"column":16}},"locations":[{"start":{"line":157,"column":23},"end":{"line":159,"column":16}}]}},"b":{"0":[81],"1":[5],"2":[4],"3":[1],"4":[3],"5":[3],"6":[1],"7":[5],"8":[1],"9":[20],"10":[4],"11":[8],"12":[29],"13":[5],"14":[1]},"fnMap":{"0":{"name":"SearchBox","decl":{"start":{"line":8,"column":25},"end":{"line":181,"column":2}},"loc":{"start":{"line":8,"column":25},"end":{"line":181,"column":2}},"line":8},"1":{"name":"callApi","decl":{"start":{"line":26,"column":2},"end":{"line":65,"column":3}},"loc":{"start":{"line":26,"column":2},"end":{"line":65,"column":3}},"line":26},"2":{"name":"submitHandler","decl":{"start":{"line":67,"column":24},"end":{"line":70,"column":4}},"loc":{"start":{"line":67,"column":24},"end":{"line":70,"column":4}},"line":67},"3":{"name":"resetData","decl":{"start":{"line":72,"column":20},"end":{"line":79,"column":4}},"loc":{"start":{"line":72,"column":20},"end":{"line":79,"column":4}},"line":72},"4":{"name":"onChange","decl":{"start":{"line":96,"column":26},"end":{"line":98,"column":18}},"loc":{"start":{"line":96,"column":26},"end":{"line":98,"column":18}},"line":96},"5":{"name":"onChange","decl":{"start":{"line":110,"column":26},"end":{"line":112,"column":18}},"loc":{"start":{"line":110,"column":26},"end":{"line":112,"column":18}},"line":110},"6":{"name":"onChange","decl":{"start":{"line":126,"column":26},"end":{"line":128,"column":18}},"loc":{"start":{"line":126,"column":26},"end":{"line":128,"column":18}},"line":126},"7":{"name":"onChange","decl":{"start":{"line":140,"column":26},"end":{"line":142,"column":18}},"loc":{"start":{"line":140,"column":26},"end":{"line":142,"column":18}},"line":140},"8":{"name":"onClick","decl":{"start":{"line":149,"column":23},"end":{"line":151,"column":16}},"loc":{"start":{"line":149,"column":23},"end":{"line":151,"column":16}},"line":149},"9":{"name":"onClick","decl":{"start":{"line":157,"column":23},"end":{"line":159,"column":16}},"loc":{"start":{"line":157,"column":23},"end":{"line":159,"column":16}},"line":157}},"f":{"0":81,"1":5,"2":5,"3":1,"4":20,"5":4,"6":8,"7":29,"8":5,"9":1}}
,"/Users/admin/Documents/vscode/typeScript/search_member/frontend/src/searchUser/ShowTable.tsx": {"path":"/Users/admin/Documents/vscode/typeScript/search_member/frontend/src/searchUser/ShowTable.tsx","all":false,"statementMap":{"0":{"start":{"line":1,"column":0},"end":{"line":1,"column":43}},"1":{"start":{"line":2,"column":0},"end":{"line":2,"column":33}},"2":{"start":{"line":3,"column":0},"end":{"line":3,"column":26}},"3":{"start":{"line":4,"column":0},"end":{"line":4,"column":46}},"4":{"start":{"line":5,"column":0},"end":{"line":5,"column":45}},"5":{"start":{"line":6,"column":0},"end":{"line":6,"column":0}},"6":{"start":{"line":7,"column":0},"end":{"line":7,"column":17}},"7":{"start":{"line":8,"column":0},"end":{"line":8,"column":68}},"8":{"start":{"line":9,"column":0},"end":{"line":9,"column":14}},"9":{"start":{"line":10,"column":0},"end":{"line":10,"column":15}},"10":{"start":{"line":11,"column":0},"end":{"line":11,"column":56}},"11":{"start":{"line":12,"column":0},"end":{"line":12,"column":4}},"12":{"start":{"line":13,"column":0},"end":{"line":13,"column":14}},"13":{"start":{"line":14,"column":0},"end":{"line":14,"column":22}},"14":{"start":{"line":15,"column":0},"end":{"line":15,"column":59}},"15":{"start":{"line":16,"column":0},"end":{"line":16,"column":4}},"16":{"start":{"line":17,"column":0},"end":{"line":17,"column":17}},"17":{"start":{"line":18,"column":0},"end":{"line":18,"column":22}},"18":{"start":{"line":19,"column":0},"end":{"line":19,"column":64}},"19":{"start":{"line":20,"column":0},"end":{"line":20,"column":4}},"20":{"start":{"line":21,"column":0},"end":{"line":21,"column":15}},"21":{"start":{"line":22,"column":0},"end":{"line":22,"column":18}},"22":{"start":{"line":23,"column":0},"end":{"line":23,"column":59}},"23":{"start":{"line":24,"column":0},"end":{"line":24,"column":4}},"24":{"start":{"line":25,"column":0},"end":{"line":25,"column":1}},"25":{"start":{"line":26,"column":0},"end":{"line":26,"column":0}},"26":{"start":{"line":27,"column":0},"end":{"line":27,"column":20}},"27":{"start":{"line":28,"column":0},"end":{"line":28,"column":32}},"28":{"start":{"line":29,"column":0},"end":{"line":29,"column":31}},"29":{"start":{"line":30,"column":0},"end":{"line":30,"column":34}},"30":{"start":{"line":31,"column":0},"end":{"line":31,"column":32}},"31":{"start":{"line":32,"column":0},"end":{"line":32,"column":2}},"32":{"start":{"line":33,"column":0},"end":{"line":33,"column":0}},"33":{"start":{"line":34,"column":0},"end":{"line":34,"column":44}},"34":{"start":{"line":35,"column":0},"end":{"line":35,"column":36}},"35":{"start":{"line":36,"column":0},"end":{"line":36,"column":0}},"36":{"start":{"line":37,"column":0},"end":{"line":37,"column":38}},"37":{"start":{"line":38,"column":0},"end":{"line":38,"column":16}},"38":{"start":{"line":39,"column":0},"end":{"line":39,"column":3}},"39":{"start":{"line":40,"column":0},"end":{"line":40,"column":0}},"40":{"start":{"line":41,"column":0},"end":{"line":41,"column":25}},"41":{"start":{"line":42,"column":0},"end":{"line":42,"column":70}},"42":{"start":{"line":43,"column":0},"end":{"line":43,"column":25}},"43":{"start":{"line":44,"column":0},"end":{"line":44,"column":22}},"44":{"start":{"line":45,"column":0},"end":{"line":45,"column":5}},"45":{"start":{"line":46,"column":0},"end":{"line":46,"column":28}},"46":{"start":{"line":47,"column":0},"end":{"line":47,"column":21}},"47":{"start":{"line":48,"column":0},"end":{"line":48,"column":16}},"48":{"start":{"line":49,"column":0},"end":{"line":49,"column":43}},"49":{"start":{"line":50,"column":0},"end":{"line":50,"column":43}},"50":{"start":{"line":51,"column":0},"end":{"line":51,"column":8}},"51":{"start":{"line":52,"column":0},"end":{"line":52,"column":28}},"52":{"start":{"line":53,"column":0},"end":{"line":53,"column":21}},"53":{"start":{"line":54,"column":0},"end":{"line":54,"column":25}},"54":{"start":{"line":55,"column":0},"end":{"line":55,"column":31}},"55":{"start":{"line":56,"column":0},"end":{"line":56,"column":23}},"56":{"start":{"line":57,"column":0},"end":{"line":57,"column":9}},"57":{"start":{"line":58,"column":0},"end":{"line":58,"column":6}},"58":{"start":{"line":59,"column":0},"end":{"line":59,"column":36}},"59":{"start":{"line":60,"column":0},"end":{"line":60,"column":15}},"60":{"start":{"line":61,"column":0},"end":{"line":61,"column":51}},"61":{"start":{"line":62,"column":0},"end":{"line":62,"column":20}},"62":{"start":{"line":63,"column":0},"end":{"line":63,"column":17}},"63":{"start":{"line":64,"column":0},"end":{"line":64,"column":16}},"64":{"start":{"line":65,"column":0},"end":{"line":65,"column":0}},"65":{"start":{"line":66,"column":0},"end":{"line":66,"column":30}},"66":{"start":{"line":67,"column":0},"end":{"line":67,"column":27}},"67":{"start":{"line":68,"column":0},"end":{"line":68,"column":27}},"68":{"start":{"line":69,"column":0},"end":{"line":69,"column":56}},"69":{"start":{"line":70,"column":0},"end":{"line":70,"column":17}},"70":{"start":{"line":71,"column":0},"end":{"line":71,"column":9}},"71":{"start":{"line":72,"column":0},"end":{"line":72,"column":40}},"72":{"start":{"line":73,"column":0},"end":{"line":73,"column":55}},"73":{"start":{"line":74,"column":0},"end":{"line":74,"column":51}},"74":{"start":{"line":75,"column":0},"end":{"line":75,"column":50}},"75":{"start":{"line":76,"column":0},"end":{"line":76,"column":11}},"76":{"start":{"line":77,"column":0},"end":{"line":77,"column":8}},"77":{"start":{"line":78,"column":0},"end":{"line":78,"column":25}},"78":{"start":{"line":79,"column":0},"end":{"line":79,"column":27}},"79":{"start":{"line":80,"column":0},"end":{"line":80,"column":54}},"80":{"start":{"line":81,"column":0},"end":{"line":81,"column":9}},"81":{"start":{"line":82,"column":0},"end":{"line":82,"column":3}},"82":{"start":{"line":83,"column":0},"end":{"line":83,"column":0}},"83":{"start":{"line":84,"column":0},"end":{"line":84,"column":68}},"84":{"start":{"line":85,"column":0},"end":{"line":85,"column":52}},"85":{"start":{"line":86,"column":0},"end":{"line":86,"column":4}},"86":{"start":{"line":87,"column":0},"end":{"line":87,"column":0}},"87":{"start":{"line":88,"column":0},"end":{"line":88,"column":78}},"88":{"start":{"line":89,"column":0},"end":{"line":89,"column":60}},"89":{"start":{"line":90,"column":0},"end":{"line":90,"column":32}},"90":{"start":{"line":91,"column":0},"end":{"line":91,"column":58}},"91":{"start":{"line":92,"column":0},"end":{"line":92,"column":4}},"92":{"start":{"line":93,"column":0},"end":{"line":93,"column":0}},"93":{"start":{"line":94,"column":0},"end":{"line":94,"column":10}},"94":{"start":{"line":95,"column":0},"end":{"line":95,"column":9}},"95":{"start":{"line":96,"column":0},"end":{"line":96,"column":43}},"96":{"start":{"line":97,"column":0},"end":{"line":97,"column":47}},"97":{"start":{"line":98,"column":0},"end":{"line":98,"column":15}},"98":{"start":{"line":99,"column":0},"end":{"line":99,"column":24}},"99":{"start":{"line":100,"column":0},"end":{"line":100,"column":40}},"100":{"start":{"line":101,"column":0},"end":{"line":101,"column":48}},"101":{"start":{"line":102,"column":0},"end":{"line":102,"column":9}},"102":{"start":{"line":103,"column":0},"end":{"line":103,"column":40}},"103":{"start":{"line":104,"column":0},"end":{"line":104,"column":40}},"104":{"start":{"line":105,"column":0},"end":{"line":105,"column":42}},"105":{"start":{"line":106,"column":0},"end":{"line":106,"column":17}},"106":{"start":{"line":107,"column":0},"end":{"line":107,"column":33}},"107":{"start":{"line":108,"column":0},"end":{"line":108,"column":17}},"108":{"start":{"line":109,"column":0},"end":{"line":109,"column":16}},"109":{"start":{"line":110,"column":0},"end":{"line":110,"column":40}},"110":{"start":{"line":111,"column":0},"end":{"line":111,"column":50}},"111":{"start":{"line":112,"column":0},"end":{"line":112,"column":17}},"112":{"start":{"line":113,"column":0},"end":{"line":113,"column":17}},"113":{"start":{"line":114,"column":0},"end":{"line":114,"column":18}},"114":{"start":{"line":115,"column":0},"end":{"line":115,"column":17}},"115":{"start":{"line":116,"column":0},"end":{"line":116,"column":59}},"116":{"start":{"line":117,"column":0},"end":{"line":117,"column":31}},"117":{"start":{"line":118,"column":0},"end":{"line":118,"column":42}},"118":{"start":{"line":119,"column":0},"end":{"line":119,"column":78}},"119":{"start":{"line":120,"column":0},"end":{"line":120,"column":19}},"120":{"start":{"line":121,"column":0},"end":{"line":121,"column":19}},"121":{"start":{"line":122,"column":0},"end":{"line":122,"column":15}},"122":{"start":{"line":123,"column":0},"end":{"line":123,"column":18}},"123":{"start":{"line":124,"column":0},"end":{"line":124,"column":16}},"124":{"start":{"line":125,"column":0},"end":{"line":125,"column":12}},"125":{"start":{"line":126,"column":0},"end":{"line":126,"column":40}},"126":{"start":{"line":127,"column":0},"end":{"line":127,"column":22}},"127":{"start":{"line":128,"column":0},"end":{"line":128,"column":37}},"128":{"start":{"line":129,"column":0},"end":{"line":129,"column":34}},"129":{"start":{"line":130,"column":0},"end":{"line":130,"column":32}},"130":{"start":{"line":131,"column":0},"end":{"line":131,"column":41}},"131":{"start":{"line":132,"column":0},"end":{"line":132,"column":41}},"132":{"start":{"line":133,"column":0},"end":{"line":133,"column":35}},"133":{"start":{"line":134,"column":0},"end":{"line":134,"column":39}},"134":{"start":{"line":135,"column":0},"end":{"line":135,"column":34}},"135":{"start":{"line":136,"column":0},"end":{"line":136,"column":27}},"136":{"start":{"line":137,"column":0},"end":{"line":137,"column":23}},"137":{"start":{"line":138,"column":0},"end":{"line":138,"column":39}},"138":{"start":{"line":139,"column":0},"end":{"line":139,"column":35}},"139":{"start":{"line":140,"column":0},"end":{"line":140,"column":43}},"140":{"start":{"line":141,"column":0},"end":{"line":141,"column":39}},"141":{"start":{"line":142,"column":0},"end":{"line":142,"column":38}},"142":{"start":{"line":143,"column":0},"end":{"line":143,"column":26}},"143":{"start":{"line":144,"column":0},"end":{"line":144,"column":36}},"144":{"start":{"line":145,"column":0},"end":{"line":145,"column":40}},"145":{"start":{"line":146,"column":0},"end":{"line":146,"column":10}},"146":{"start":{"line":147,"column":0},"end":{"line":147,"column":12}},"147":{"start":{"line":148,"column":0},"end":{"line":148,"column":10}},"148":{"start":{"line":149,"column":0},"end":{"line":149,"column":4}},"149":{"start":{"line":150,"column":0},"end":{"line":150,"column":2}}},"s":{"0":1,"1":1,"2":1,"3":1,"4":1,"5":1,"6":1,"7":1,"8":1,"9":1,"10":1,"11":1,"12":1,"13":1,"14":1,"15":1,"16":1,"17":1,"18":1,"19":1,"20":1,"21":1,"22":1,"23":1,"24":1,"25":1,"26":1,"27":1,"28":1,"29":1,"30":1,"31":1,"32":1,"33":1,"34":88,"35":88,"36":88,"37":81,"38":81,"39":7,"40":7,"41":4,"42":4,"43":4,"44":4,"45":4,"46":4,"47":4,"48":4,"49":4,"50":4,"51":4,"52":4,"53":4,"54":4,"55":4,"56":4,"57":4,"58":4,"59":4,"60":4,"61":4,"62":4,"63":4,"64":4,"65":4,"66":4,"67":3,"68":1,"69":1,"70":1,"71":2,"72":2,"73":2,"74":2,"75":2,"76":4,"77":4,"78":1,"79":1,"80":4,"81":4,"82":7,"83":7,"84":2,"85":2,"86":7,"87":7,"88":2,"89":2,"90":2,"91":2,"92":7,"93":7,"94":7,"95":7,"96":7,"97":7,"98":7,"99":7,"100":7,"101":7,"102":7,"103":7,"104":7,"105":7,"106":7,"107":7,"108":7,"109":7,"110":28,"111":7,"112":7,"113":7,"114":7,"115":7,"116":13,"117":13,"118":52,"119":13,"120":13,"121":7,"122":7,"123":7,"124":7,"125":7,"126":7,"127":7,"128":7,"129":7,"130":7,"131":7,"132":7,"133":7,"134":7,"135":7,"136":7,"137":7,"138":7,"139":7,"140":7,"141":7,"142":7,"143":7,"144":7,"145":7,"146":7,"147":7,"148":7,"149":7},"branchMap":{"0":{"type":"branch","line":34,"loc":{"start":{"line":34,"column":25},"end":{"line":150,"column":2}},"locations":[{"start":{"line":34,"column":25},"end":{"line":150,"column":2}}]},"1":{"type":"branch","line":37,"loc":{"start":{"line":37,"column":37},"end":{"line":39,"column":3}},"locations":[{"start":{"line":37,"column":37},"end":{"line":39,"column":3}}]},"2":{"type":"branch","line":39,"loc":{"start":{"line":39,"column":2},"end":{"line":150,"column":2}},"locations":[{"start":{"line":39,"column":2},"end":{"line":150,"column":2}}]},"3":{"type":"branch","line":41,"loc":{"start":{"line":41,"column":2},"end":{"line":82,"column":3}},"locations":[{"start":{"line":41,"column":2},"end":{"line":82,"column":3}}]},"4":{"type":"branch","line":67,"loc":{"start":{"line":67,"column":12},"end":{"line":77,"column":7}},"locations":[{"start":{"line":67,"column":12},"end":{"line":77,"column":7}}]},"5":{"type":"branch","line":68,"loc":{"start":{"line":68,"column":26},"end":{"line":71,"column":9}},"locations":[{"start":{"line":68,"column":26},"end":{"line":71,"column":9}}]},"6":{"type":"branch","line":71,"loc":{"start":{"line":71,"column":8},"end":{"line":76,"column":11}},"locations":[{"start":{"line":71,"column":8},"end":{"line":76,"column":11}}]},"7":{"type":"branch","line":72,"loc":{"start":{"line":72,"column":29},"end":{"line":76,"column":9}},"locations":[{"start":{"line":72,"column":29},"end":{"line":76,"column":9}}]},"8":{"type":"branch","line":78,"loc":{"start":{"line":78,"column":13},"end":{"line":81,"column":7}},"locations":[{"start":{"line":78,"column":13},"end":{"line":81,"column":7}}]},"9":{"type":"branch","line":84,"loc":{"start":{"line":84,"column":27},"end":{"line":86,"column":4}},"locations":[{"start":{"line":84,"column":27},"end":{"line":86,"column":4}}]},"10":{"type":"branch","line":88,"loc":{"start":{"line":88,"column":28},"end":{"line":92,"column":4}},"locations":[{"start":{"line":88,"column":28},"end":{"line":92,"column":4}}]},"11":{"type":"branch","line":101,"loc":{"start":{"line":101,"column":20},"end":{"line":101,"column":48}},"locations":[{"start":{"line":101,"column":20},"end":{"line":101,"column":48}}]},"12":{"type":"branch","line":110,"loc":{"start":{"line":110,"column":30},"end":{"line":111,"column":50}},"locations":[{"start":{"line":110,"column":30},"end":{"line":111,"column":50}}]},"13":{"type":"branch","line":116,"loc":{"start":{"line":116,"column":38},"end":{"line":121,"column":19}},"locations":[{"start":{"line":116,"column":38},"end":{"line":121,"column":19}}]},"14":{"type":"branch","line":118,"loc":{"start":{"line":118,"column":32},"end":{"line":120,"column":17}},"locations":[{"start":{"line":118,"column":32},"end":{"line":120,"column":17}}]}},"b":{"0":[88],"1":[81],"2":[7],"3":[4],"4":[3],"5":[1],"6":[2],"7":[2],"8":[1],"9":[2],"10":[2],"11":[2],"12":[28],"13":[13],"14":[52]},"fnMap":{"0":{"name":"ShowTable","decl":{"start":{"line":34,"column":25},"end":{"line":150,"column":2}},"loc":{"start":{"line":34,"column":25},"end":{"line":150,"column":2}},"line":34},"1":{"name":"callApi","decl":{"start":{"line":41,"column":2},"end":{"line":82,"column":3}},"loc":{"start":{"line":41,"column":2},"end":{"line":82,"column":3}},"line":41},"2":{"name":"handlePageChange","decl":{"start":{"line":84,"column":27},"end":{"line":86,"column":4}},"loc":{"start":{"line":84,"column":27},"end":{"line":86,"column":4}},"line":84},"3":{"name":"handleLimitChange","decl":{"start":{"line":88,"column":28},"end":{"line":92,"column":4}},"loc":{"start":{"line":88,"column":28},"end":{"line":92,"column":4}},"line":88},"4":{"name":"onChange","decl":{"start":{"line":101,"column":20},"end":{"line":101,"column":48}},"loc":{"start":{"line":101,"column":20},"end":{"line":101,"column":48}},"line":101}},"f":{"0":88,"1":4,"2":2,"3":2,"4":2}}
}
